\BOOKMARK [0][-]{chapter.1}{INTRODUCTION}{}% 1
\BOOKMARK [1][-]{section.1.1}{Existing Sytem and Its Drawbacks}{chapter.1}% 2
\BOOKMARK [1][-]{section.1.2}{Motivation}{chapter.1}% 3
\BOOKMARK [1][-]{section.1.3}{Problem Statement}{chapter.1}% 4
\BOOKMARK [1][-]{section.1.4}{Scope of project}{chapter.1}% 5
\BOOKMARK [0][-]{chapter.2}{SYSTEM ANALYSIS}{}% 6
\BOOKMARK [1][-]{section.2.1}{System Model}{chapter.2}% 7
\BOOKMARK [1][-]{section.2.2}{Functional Requirements}{chapter.2}% 8
\BOOKMARK [1][-]{section.2.3}{External Interface Requirements}{chapter.2}% 9
\BOOKMARK [2][-]{subsection.2.3.1}{Hardware Interfaces}{section.2.3}% 10
\BOOKMARK [2][-]{subsection.2.3.2}{Software Interfaces}{section.2.3}% 11
\BOOKMARK [1][-]{section.2.4}{User Requirements}{chapter.2}% 12
\BOOKMARK [1][-]{section.2.5}{Performance Requirements}{chapter.2}% 13
\BOOKMARK [0][-]{chapter.3}{SYSTEM DESIGN}{}% 14
\BOOKMARK [1][-]{section.3.1}{System Overview}{chapter.3}% 15
\BOOKMARK [1][-]{section.3.2}{Design Aspects}{chapter.3}% 16
\BOOKMARK [2][-]{subsection.3.2.1}{Object Oriented Design}{section.3.2}% 17
\BOOKMARK [1][-]{section.3.3}{Prototype Level Design}{chapter.3}% 18
\BOOKMARK [2][-]{subsection.3.3.1}{Prototype : 1}{section.3.3}% 19
\BOOKMARK [2][-]{subsection.3.3.2}{Prototype : 2}{section.3.3}% 20
\BOOKMARK [2][-]{subsection.3.3.3}{Prototype : 3}{section.3.3}% 21
\BOOKMARK [0][-]{chapter.4}{PROTOTYPE TESTING}{}% 22
\BOOKMARK [1][-]{section.4.1}{Flash Screen\(Valid\)}{chapter.4}% 23
\BOOKMARK [1][-]{section.4.2}{Flash Screen\(InValid\)}{chapter.4}% 24
\BOOKMARK [1][-]{section.4.3}{ok button\(Valid\)}{chapter.4}% 25
\BOOKMARK [1][-]{section.4.4}{ok button\(InValid\)}{chapter.4}% 26
\BOOKMARK [1][-]{section.4.5}{continue button\(Valid\)}{chapter.4}% 27
\BOOKMARK [1][-]{section.4.6}{continue button\(InValid\)}{chapter.4}% 28
\BOOKMARK [0][-]{chapter.5}{IMPLEMENTATION}{}% 29
\BOOKMARK [1][-]{section.5.1}{Prototype : 1}{chapter.5}% 30
\BOOKMARK [2][-]{subsection.5.1.1}{Introduction}{section.5.1}% 31
\BOOKMARK [2][-]{subsection.5.1.2}{Level1}{section.5.1}% 32
\BOOKMARK [2][-]{subsection.5.1.3}{Level2}{section.5.1}% 33
\BOOKMARK [1][-]{section.5.2}{Prototype : 2}{chapter.5}% 34
\BOOKMARK [2][-]{subsection.5.2.1}{Level3}{section.5.2}% 35
\BOOKMARK [1][-]{section.5.3}{Prototype : 3}{chapter.5}% 36
\BOOKMARK [2][-]{subsection.5.3.1}{Climax}{section.5.3}% 37
\BOOKMARK [0][-]{chapter.6}{RESULTS \046 DISCUSSIONS}{}% 38
\BOOKMARK [1][-]{section.6.1}{Prototype : 1}{chapter.6}% 39
\BOOKMARK [2][-]{subsection.6.1.1}{Introduction}{section.6.1}% 40
\BOOKMARK [2][-]{subsection.6.1.2}{Level1}{section.6.1}% 41
\BOOKMARK [2][-]{subsection.6.1.3}{Level2}{section.6.1}% 42
\BOOKMARK [1][-]{section.6.2}{Prototype : 2}{chapter.6}% 43
\BOOKMARK [2][-]{subsection.6.2.1}{Level3}{section.6.2}% 44
\BOOKMARK [2][-]{subsection.6.2.2}{Level4}{section.6.2}% 45
\BOOKMARK [1][-]{section.6.3}{Prototype : 3}{chapter.6}% 46
\BOOKMARK [2][-]{subsection.6.3.1}{Level5}{section.6.3}% 47
\BOOKMARK [2][-]{subsection.6.3.2}{Climax}{section.6.3}% 48
\BOOKMARK [0][-]{chapter.7}{Conclusion and Future Scope}{}% 49
\BOOKMARK [1][-]{section.7.1}{Conclusion}{chapter.7}% 50
\BOOKMARK [1][-]{section.7.2}{Future Work}{chapter.7}% 51
