This is pdfTeX, Version 3.1415926-2.3-1.40.12 (MiKTeX 2.9) (preloaded format=pdflatex 2012.5.18)  22 MAY 2012 21:41
entering extended mode
**C:/Users/dell/Desktop/Mystery_doors/Mystery*doors/report.tex
("C:/Users/dell/Desktop/Mystery_doors/Mystery doors/report.tex"
LaTeX2e <2009/09/24>
Babel <v3.8l> and hyphenation patterns for english, afrikaans, ancientgreek, ar
abic, armenian, assamese, basque, bengali, bokmal, bulgarian, catalan, coptic, 
croatian, czech, danish, dutch, esperanto, estonian, farsi, finnish, french, ga
lician, german, german-x-2009-06-19, greek, gujarati, hindi, hungarian, iceland
ic, indonesian, interlingua, irish, italian, kannada, kurmanji, lao, latin, lat
vian, lithuanian, malayalam, marathi, mongolian, mongolianlmc, monogreek, ngerm
an, ngerman-x-2009-06-19, nynorsk, oriya, panjabi, pinyin, polish, portuguese, 
romanian, russian, sanskrit, serbian, slovak, slovenian, spanish, swedish, swis
sgerman, tamil, telugu, turkish, turkmen, ukenglish, ukrainian, uppersorbian, u
senglishmax, welsh, loaded.
("C:\Program Files (x86)\MiKTeX 2.9\tex\latex\base\report.cls"
Document Class: report 2007/10/19 v1.4h Standard LaTeX document class
("C:\Program Files (x86)\MiKTeX 2.9\tex\latex\base\size11.clo"
File: size11.clo 2007/10/19 v1.4h Standard LaTeX file (size option)
)
\c@part=\count79
\c@chapter=\count80
\c@section=\count81
\c@subsection=\count82
\c@subsubsection=\count83
\c@paragraph=\count84
\c@subparagraph=\count85
\c@figure=\count86
\c@table=\count87
\abovecaptionskip=\skip41
\belowcaptionskip=\skip42
\bibindent=\dimen102
)
("C:\Program Files (x86)\MiKTeX 2.9\tex\latex\ams\math\amsmath.sty"
Package: amsmath 2000/07/18 v2.13 AMS math features
\@mathmargin=\skip43

For additional information on amsmath, use the `?' option.
("C:\Program Files (x86)\MiKTeX 2.9\tex\latex\ams\math\amstext.sty"
Package: amstext 2000/06/29 v2.01

("C:\Program Files (x86)\MiKTeX 2.9\tex\latex\ams\math\amsgen.sty"
File: amsgen.sty 1999/11/30 v2.0
\@emptytoks=\toks14
\ex@=\dimen103
))
("C:\Program Files (x86)\MiKTeX 2.9\tex\latex\ams\math\amsbsy.sty"
Package: amsbsy 1999/11/29 v1.2d
\pmbraise@=\dimen104
)
("C:\Program Files (x86)\MiKTeX 2.9\tex\latex\ams\math\amsopn.sty"
Package: amsopn 1999/12/14 v2.01 operator names
)
\inf@bad=\count88
LaTeX Info: Redefining \frac on input line 211.
\uproot@=\count89
\leftroot@=\count90
LaTeX Info: Redefining \overline on input line 307.
\classnum@=\count91
\DOTSCASE@=\count92
LaTeX Info: Redefining \ldots on input line 379.
LaTeX Info: Redefining \dots on input line 382.
LaTeX Info: Redefining \cdots on input line 467.
\Mathstrutbox@=\box26
\strutbox@=\box27
\big@size=\dimen105
LaTeX Font Info:    Redeclaring font encoding OML on input line 567.
LaTeX Font Info:    Redeclaring font encoding OMS on input line 568.
\macc@depth=\count93
\c@MaxMatrixCols=\count94
\dotsspace@=\muskip10
\c@parentequation=\count95
\dspbrk@lvl=\count96
\tag@help=\toks15
\row@=\count97
\column@=\count98
\maxfields@=\count99
\andhelp@=\toks16
\eqnshift@=\dimen106
\alignsep@=\dimen107
\tagshift@=\dimen108
\tagwidth@=\dimen109
\totwidth@=\dimen110
\lineht@=\dimen111
\@envbody=\toks17
\multlinegap=\skip44
\multlinetaggap=\skip45
\mathdisplay@stack=\toks18
LaTeX Info: Redefining \[ on input line 2666.
LaTeX Info: Redefining \] on input line 2667.
)
("C:\Program Files (x86)\MiKTeX 2.9\tex\latex\tools\verbatim.sty"
Package: verbatim 2003/08/22 v1.5q LaTeX2e package for verbatim enhancements
\every@verbatim=\toks19
\verbatim@line=\toks20
\verbatim@in@stream=\read1
)
("C:\Program Files (x86)\MiKTeX 2.9\tex\latex\graphics\color.sty"
Package: color 2005/11/14 v1.0j Standard LaTeX Color (DPC)

("C:\Program Files (x86)\MiKTeX 2.9\tex\latex\00miktex\color.cfg"
File: color.cfg 2007/01/18 v1.5 color configuration of teTeX/TeXLive
)
Package color Info: Driver file: pdftex.def on input line 130.

("C:\Program Files (x86)\MiKTeX 2.9\tex\latex\pdftex-def\pdftex.def"
File: pdftex.def 2011/05/27 v0.06d Graphics/color for pdfTeX

("C:\Program Files (x86)\MiKTeX 2.9\tex\generic\oberdiek\infwarerr.sty"
Package: infwarerr 2010/04/08 v1.3 Providing info/warning/message (HO)
)
("C:\Program Files (x86)\MiKTeX 2.9\tex\generic\oberdiek\ltxcmds.sty"
Package: ltxcmds 2011/04/18 v1.20 LaTeX kernel commands for general use (HO)
)
\Gread@gobject=\count100
))
("C:\Program Files (x86)\MiKTeX 2.9\tex\latex\subfigure\subfigure.sty"
Package: subfigure 2002/07/30 v2.1.4 subfigure package
\subfigtopskip=\skip46
\subfigcapskip=\skip47
\subfigcaptopadj=\dimen112
\subfigbottomskip=\skip48
\subfigcapmargin=\dimen113
\subfiglabelskip=\skip49
\c@subfigure=\count101
\c@lofdepth=\count102
\c@subtable=\count103
\c@lotdepth=\count104

****************************************
* Local config file subfigure.cfg used *
****************************************
("C:\Program Files (x86)\MiKTeX 2.9\tex\latex\subfigure\subfigure.cfg")
\subfig@top=\skip50
\subfig@bottom=\skip51
)
("C:\Program Files (x86)\MiKTeX 2.9\tex\latex\hyperref\hyperref.sty"
Package: hyperref 2011/04/17 v6.82g Hypertext links for LaTeX

("C:\Program Files (x86)\MiKTeX 2.9\tex\generic\oberdiek\hobsub-hyperref.sty"
Package: hobsub-hyperref 2011/04/23 v1.4 Bundle oberdiek, subset hyperref (HO)

("C:\Program Files (x86)\MiKTeX 2.9\tex\generic\oberdiek\hobsub-generic.sty"
Package: hobsub-generic 2011/04/23 v1.4 Bundle oberdiek, subset generic (HO)
Package: hobsub 2011/04/23 v1.4 Subsetting bundle oberdiek (HO)
Package hobsub Info: Skipping package `infwarerr' (already loaded).
Package hobsub Info: Skipping package `ltxcmds' (already loaded).
Package: ifluatex 2010/03/01 v1.3 Provides the ifluatex switch (HO)
Package ifluatex Info: LuaTeX not detected.
Package: ifvtex 2010/03/01 v1.5 Switches for detecting VTeX and its modes (HO)
Package ifvtex Info: VTeX not detected.
Package: intcalc 2007/09/27 v1.1 Expandable integer calculations (HO)
Package: ifpdf 2011/01/30 v2.3 Provides the ifpdf switch (HO)
Package ifpdf Info: pdfTeX in PDF mode is detected.
Package: etexcmds 2011/02/16 v1.5 Prefix for e-TeX command names (HO)
Package etexcmds Info: Could not find \expanded.
(etexcmds)             That can mean that you are not using pdfTeX 1.50 or
(etexcmds)             that some package has redefined \expanded.
(etexcmds)             In the latter case, load this package earlier.
Package: kvsetkeys 2011/04/07 v1.13 Key value parser (HO)
Package: kvdefinekeys 2011/04/07 v1.3 Defining keys (HO)
Package: pdftexcmds 2011/04/22 v0.16 Utilities of pdfTeX for LuaTeX (HO)
Package pdftexcmds Info: LuaTeX not detected.
Package pdftexcmds Info: \pdf@primitive is available.
Package pdftexcmds Info: \pdf@ifprimitive is available.
Package pdftexcmds Info: \pdfdraftmode found.
Package: pdfescape 2011/04/04 v1.12 Provides string conversions (HO)
Package: bigintcalc 2011/01/30 v1.2 Expandable big integer calculations (HO)
Package: bitset 2011/01/30 v1.1 Data type bit set (HO)
Package: uniquecounter 2011/01/30 v1.2 Provides unlimited unique counter (HO)
)
Package hobsub Info: Skipping package `hobsub' (already loaded).
Package: letltxmacro 2010/09/02 v1.4 Let assignment for LaTeX macros (HO)
Package: hopatch 2011/01/30 v1.0 Wrapper for package hooks (HO)
Package: xcolor-patch 2011/01/30 xcolor patch
Package: atveryend 2011/04/23 v1.7 Hooks at very end of document (HO)
Package atveryend Info: \enddocument detected (standard).
Package: atbegshi 2011/01/30 v1.15 At begin shipout hook (HO)
Package: refcount 2010/12/01 v3.2 Data extraction from references (HO)
Package: hycolor 2011/01/30 v1.7 Color options of hyperref/bookmark (HO)
)
("C:\Program Files (x86)\MiKTeX 2.9\tex\latex\graphics\keyval.sty"
Package: keyval 1999/03/16 v1.13 key=value parser (DPC)
\KV@toks@=\toks21
)
("C:\Program Files (x86)\MiKTeX 2.9\tex\generic\ifxetex\ifxetex.sty"
Package: ifxetex 2010/09/12 v0.6 Provides ifxetex conditional
)
("C:\Program Files (x86)\MiKTeX 2.9\tex\latex\oberdiek\kvoptions.sty"
Package: kvoptions 2010/12/23 v3.10 Keyval support for LaTeX options (HO)
)
\@linkdim=\dimen114
\Hy@linkcounter=\count105
\Hy@pagecounter=\count106

("C:\Program Files (x86)\MiKTeX 2.9\tex\latex\hyperref\pd1enc.def"
File: pd1enc.def 2011/04/17 v6.82g Hyperref: PDFDocEncoding definition (HO)
)
\Hy@SavedSpaceFactor=\count107

("C:\Program Files (x86)\MiKTeX 2.9\tex\latex\00miktex\hyperref.cfg"
File: hyperref.cfg 2002/06/06 v1.2 hyperref configuration of TeXLive
)
Package hyperref Info: Hyper figures OFF on input line 4026.
Package hyperref Info: Link nesting OFF on input line 4031.
Package hyperref Info: Hyper index ON on input line 4034.
Package hyperref Info: Plain pages OFF on input line 4041.
Package hyperref Info: Backreferencing OFF on input line 4046.
Package hyperref Info: Implicit mode ON; LaTeX internals redefined.
Package hyperref Info: Bookmarks ON on input line 4264.
\c@Hy@tempcnt=\count108

("C:\Program Files (x86)\MiKTeX 2.9\tex\latex\ltxmisc\url.sty"
\Urlmuskip=\muskip11
Package: url 2006/04/12  ver 3.3  Verb mode for urls, etc.
)
LaTeX Info: Redefining \url on input line 4617.
\Fld@menulength=\count109
\Field@Width=\dimen115
\Fld@charsize=\dimen116
Package hyperref Info: Hyper figures OFF on input line 5701.
Package hyperref Info: Link nesting OFF on input line 5706.
Package hyperref Info: Hyper index ON on input line 5709.
Package hyperref Info: backreferencing OFF on input line 5716.
Package hyperref Info: Link coloring OFF on input line 5721.
Package hyperref Info: Link coloring with OCG OFF on input line 5726.
Package hyperref Info: PDF/A mode OFF on input line 5731.
LaTeX Info: Redefining \ref on input line 5771.
LaTeX Info: Redefining \pageref on input line 5775.
\Hy@abspage=\count110
\c@Item=\count111
\c@Hfootnote=\count112
)

Package hyperref Message: Driver (autodetected): hpdftex.

("C:\Program Files (x86)\MiKTeX 2.9\tex\latex\hyperref\hpdftex.def"
File: hpdftex.def 2011/04/17 v6.82g Hyperref driver for pdfTeX
\Fld@listcount=\count113
\c@bookmark@seq@number=\count114

("C:\Program Files (x86)\MiKTeX 2.9\tex\latex\oberdiek\rerunfilecheck.sty"
Package: rerunfilecheck 2011/04/15 v1.7 Rerun checks for auxiliary files (HO)
Package uniquecounter Info: New unique counter `rerunfilecheck' on input line 2
82.
)
\Hy@SectionHShift=\skip52
)
("C:\Program Files (x86)\MiKTeX 2.9\tex\latex\graphics\graphicx.sty"
Package: graphicx 1999/02/16 v1.0f Enhanced LaTeX Graphics (DPC,SPQR)

("C:\Program Files (x86)\MiKTeX 2.9\tex\latex\graphics\graphics.sty"
Package: graphics 2009/02/05 v1.0o Standard LaTeX Graphics (DPC,SPQR)

("C:\Program Files (x86)\MiKTeX 2.9\tex\latex\graphics\trig.sty"
Package: trig 1999/03/16 v1.09 sin cos tan (DPC)
)
("C:\Program Files (x86)\MiKTeX 2.9\tex\latex\00miktex\graphics.cfg"
File: graphics.cfg 2007/01/18 v1.5 graphics configuration of teTeX/TeXLive
)
Package graphics Info: Driver file: pdftex.def on input line 91.
)
\Gin@req@height=\dimen117
\Gin@req@width=\dimen118
)
("C:\Program Files (x86)\MiKTeX 2.9\tex\latex\fancyhdr\fancyhdr.sty"
\fancy@headwidth=\skip53
\f@ncyO@elh=\skip54
\f@ncyO@erh=\skip55
\f@ncyO@olh=\skip56
\f@ncyO@orh=\skip57
\f@ncyO@elf=\skip58
\f@ncyO@erf=\skip59
\f@ncyO@olf=\skip60
\f@ncyO@orf=\skip61
)
("C:\Program Files (x86)\MiKTeX 2.9\tex\latex\setspace\setspace.sty"
Package: setspace 2000/12/01 6.7 Contributed and Supported LaTeX2e package

Package: `setspace' 6.7 <2000/12/01>
) ("C:\Program Files (x86)\MiKTeX 2.9\tex\latex\multirow\multirow.sty"
\bigstrutjot=\dimen119
)

LaTeX Warning: Unused global option(s):
    [a4,oneeside].

("C:\Users\dell\Desktop\Mystery_doors\Mystery doors\report.aux"

LaTeX Warning: Label `table : 11' multiply defined.


LaTeX Warning: Label `table:tc11' multiply defined.


LaTeX Warning: Label `table:tc11' multiply defined.


LaTeX Warning: Label `table:tc11' multiply defined.


LaTeX Warning: Label `table : tc11' multiply defined.


LaTeX Warning: Label `table:tc11' multiply defined.


LaTeX Warning: Label `table :tc11' multiply defined.


LaTeX Warning: Label `table:tc11' multiply defined.

)
LaTeX Font Info:    Checking defaults for OML/cmm/m/it on input line 17.
LaTeX Font Info:    ... okay on input line 17.
LaTeX Font Info:    Checking defaults for T1/cmr/m/n on input line 17.
LaTeX Font Info:    ... okay on input line 17.
LaTeX Font Info:    Checking defaults for OT1/cmr/m/n on input line 17.
LaTeX Font Info:    ... okay on input line 17.
LaTeX Font Info:    Checking defaults for OMS/cmsy/m/n on input line 17.
LaTeX Font Info:    ... okay on input line 17.
LaTeX Font Info:    Checking defaults for OMX/cmex/m/n on input line 17.
LaTeX Font Info:    ... okay on input line 17.
LaTeX Font Info:    Checking defaults for U/cmr/m/n on input line 17.
LaTeX Font Info:    ... okay on input line 17.
LaTeX Font Info:    Checking defaults for PD1/pdf/m/n on input line 17.
LaTeX Font Info:    ... okay on input line 17.
 ("C:\Program Files (x86)\MiKTeX 2.9\tex\context\base\supp-pdf.mkii"
[Loading MPS to PDF converter (version 2006.09.02).]
\scratchcounter=\count115
\scratchdimen=\dimen120
\scratchbox=\box28
\nofMPsegments=\count116
\nofMParguments=\count117
\everyMPshowfont=\toks22
\MPscratchCnt=\count118
\MPscratchDim=\dimen121
\MPnumerator=\count119
\everyMPtoPDFconversion=\toks23
)
\AtBeginShipoutBox=\box29
Package hyperref Info: Link coloring OFF on input line 17.
 ("C:\Program Files (x86)\MiKTeX 2.9\tex\latex\hyperref\nameref.sty"
Package: nameref 2010/04/30 v2.40 Cross-referencing by name of section

("C:\Program Files (x86)\MiKTeX 2.9\tex\generic\oberdiek\gettitlestring.sty"
Package: gettitlestring 2010/12/03 v1.4 Cleanup title references (HO)
)
\c@section@level=\count120
)
LaTeX Info: Redefining \ref on input line 17.
LaTeX Info: Redefining \pageref on input line 17.
LaTeX Info: Redefining \nameref on input line 17.

("C:\Users\dell\Desktop\Mystery_doors\Mystery doors\report.out")
("C:\Users\dell\Desktop\Mystery_doors\Mystery doors\report.out")
\@outlinefile=\write3

("C:\Users\dell\Desktop\Mystery_doors\Mystery doors\acknowdelgment.tex"
[1

{C:/ProgramData/MiKTeX/2.9/pdftex/config/pdftex.map}]
Underfull \hbox (badness 10000) in paragraph at lines 18--19

 []

Missing character: There is no ‚ in font cmr10!
Missing character: There is no Ä in font cmr10!
Missing character: There is no ì in font cmr10!

Underfull \hbox (badness 10000) in paragraph at lines 20--21

 []

Missing character: There is no ‚ in font cmr10!
Missing character: There is no Ä in font cmr10!
Missing character: There is no ì in font cmr10!

Underfull \hbox (badness 10000) in paragraph at lines 22--23

 []


Underfull \hbox (badness 10000) in paragraph at lines 24--25

 []

Missing character: There is no ‚ in font cmr10!
Missing character: There is no Ä in font cmr10!
Missing character: There is no ì in font cmr10!

Underfull \hbox (badness 10000) in paragraph at lines 26--27

 []

) ("C:\Users\dell\Desktop\Mystery_doors\Mystery doors\abstract.tex"pdfTeX warni
ng (ext4): destination with the same identifier (name{page.1}) has been already
 used, duplicate ignored
<to be read again> 
                   \relax 
l.2 \newpage
             [1]
Missing character: There is no ‚ in font cmr10!
Missing character: There is no Ä in font cmr10!
Missing character: There is no ô in font cmr10!
Missing character: There is no ‚ in font cmr10!
Missing character: There is no Ä in font cmr10!
Missing character: There is no ì in font cmr10!
Missing character: There is no ‚ in font cmr10!
Missing character: There is no Ä in font cmr10!
Missing character: There is no ô in font cmr10!

Underfull \hbox (badness 10000) in paragraph at lines 6--7

 []

) ("C:\Users\dell\Desktop\Mystery_doors\Mystery doors\contents.tex" [1]
("C:\Users\dell\Desktop\Mystery_doors\Mystery doors\report.toc" [2

])
\tf@toc=\write4
 [3]
("C:\Users\dell\Desktop\Mystery_doors\Mystery doors\report.lof")
\tf@lof=\write5
 [4


]
("C:\Users\dell\Desktop\Mystery_doors\Mystery doors\report.lot")
\tf@lot=\write6
 [5

]

Package Fancyhdr Warning: \fancyhead's `E' option without twoside option is use
less on input line 19.

) ("C:\Users\dell\Desktop\Mystery_doors\Mystery doors\head_foot.tex"

Package Fancyhdr Warning: \fancyhead's `E' option without twoside option is use
less on input line 5.


Package Fancyhdr Warning: \fancyfoot's `E' option without twoside option is use
less on input line 13.

) ("C:\Users\dell\Desktop\Mystery_doors\Mystery doors\introduction.tex"
Chapter 1.
Missing character: There is no √ in font cmr10!
Missing character: There is no © in font cmr10!
Missing character: There is no ‚ in font cmr10!
Missing character: There is no Ä in font cmr10!
Missing character: There is no ú in font cmr10!
Missing character: There is no ‚ in font cmr10!
Missing character: There is no Ä in font cmr10!
Missing character: There is no ù in font cmr10!

Underfull \hbox (badness 10000) in paragraph at lines 9--10

 []


Package Fancyhdr Warning: \fancyfoot's `E' option without twoside option is use
less on input line 10.

<bvb_logo.JPG, id=346, 171.64125pt x 164.86594pt>
File: bvb_logo.JPG Graphic file (type jpg)
 <use bvb_logo.JPG>
Package pdftex.def Info: bvb_logo.JPG used on input line 10.
(pdftex.def)             Requested size: 28.80066pt x 27.66206pt.


Package Fancyhdr Warning: \headheight is too small (12.5pt): 
 Make it at least 31.7421pt.
 We now make it that large for the rest of the document.
 This may cause the page layout to be inconsistent, however.

pdfTeX warning (ext4): destination with the same identifier (name{page.1}) has 
been already used, duplicate ignored
<to be read again> 
                   \relax 
l.10 
      [1


 <C:/Users/dell/Desktop/Mystery_doors/Mystery doors/bvb_logo.JPG>]
Underfull \hbox (badness 10000) in paragraph at lines 12--13

 []

LaTeX Font Info:    Try loading font information for OMS+cmr on input line 16.
("C:\Program Files (x86)\MiKTeX 2.9\tex\latex\base\omscmr.fd"
File: omscmr.fd 1999/05/25 v2.5h Standard LaTeX font definitions
)
LaTeX Font Info:    Font shape `OMS/cmr/m/n' in size <10.95> not available
(Font)              Font shape `OMS/cmsy/m/n' tried instead on input line 16.
Missing character: There is no ‚ in font cmr10!
Missing character: There is no Ä in font cmr10!
Missing character: There is no ô in font cmr10!
Missing character: There is no ‚ in font cmr10!
Missing character: There is no Ä in font cmr10!
Missing character: There is no ú in font cmr10!
Missing character: There is no ‚ in font cmr10!
Missing character: There is no Ä in font cmr10!
Missing character: There is no ù in font cmr10!
)
("C:\Users\dell\Desktop\Mystery_doors\Mystery doors\system_analysis.tex"
File: bvb_logo.JPG Graphic file (type jpg)

<use bvb_logo.JPG>
Package pdftex.def Info: bvb_logo.JPG used on input line 1.
(pdftex.def)             Requested size: 28.80066pt x 27.66206pt.
 [2]
Chapter 2.
Missing character: There is no ‚ in font cmr10!
Missing character: There is no Ä in font cmr10!
Missing character: There is no ú in font cmr10!
Missing character: There is no ‚ in font cmr10!
Missing character: There is no Ä in font cmr10!
Missing character: There is no ù in font cmr10!

Package Fancyhdr Warning: \fancyfoot's `E' option without twoside option is use
less on input line 14.

File: bvb_logo.JPG Graphic file (type jpg)
<use bvb_logo.JPG>
Package pdftex.def Info: bvb_logo.JPG used on input line 14.
(pdftex.def)             Requested size: 28.80066pt x 27.66206pt.
 [3

] <system.jpg, id=362, 463.7325pt x 448.67625pt>
File: system.jpg Graphic file (type jpg)

<use system.jpg>
Package pdftex.def Info: system.jpg used on input line 17.
(pdftex.def)             Requested size: 284.53218pt x 170.71098pt.
Missing character: There is no ‚ in font cmr10!
Missing character: There is no Ä in font cmr10!
Missing character: There is no ô in font cmr10!
File: bvb_logo.JPG Graphic file (type jpg)
 <use bvb_logo.JPG>
Package pdftex.def Info: bvb_logo.JPG used on input line 33.
(pdftex.def)             Requested size: 28.80066pt x 27.66206pt.
 [4 <C:/Users/dell/Desktop/Mystery_doors/Mystery doors/system.jpg>]
Missing character: There is no ‚ in font cmr10!
Missing character: There is no Ä in font cmr10!
Missing character: There is no ú in font cmr10!
Missing character: There is no ‚ in font cmr10!
Missing character: There is no Ä in font cmr10!
Missing character: There is no ù in font cmr10!
File: bvb_logo.JPG Graphic file (type jpg)
 <use bvb_logo.JPG>
Package pdftex.def Info: bvb_logo.JPG used on input line 68.
(pdftex.def)             Requested size: 28.80066pt x 27.66206pt.
 [5]
Missing character: There is no ‚ in font cmr10!
Missing character: There is no Ä in font cmr10!
Missing character: There is no ô in font cmr10!
Missing character: There is no ‚ in font cmr10!
Missing character: There is no Ä in font cmr10!
Missing character: There is no ô in font cmr10!
)
("C:\Users\dell\Desktop\Mystery_doors\Mystery doors\system_design.tex"
File: bvb_logo.JPG Graphic file (type jpg)

<use bvb_logo.JPG>
Package pdftex.def Info: bvb_logo.JPG used on input line 1.
(pdftex.def)             Requested size: 28.80066pt x 27.66206pt.
 [6]
Chapter 3.
Missing character: There is no ‚ in font cmr10!
Missing character: There is no Ä in font cmr10!
Missing character: There is no ú in font cmr10!
Missing character: There is no ‚ in font cmr10!
Missing character: There is no Ä in font cmr10!
Missing character: There is no ù in font cmr10!
Missing character: There is no ‚ in font cmr10!
Missing character: There is no Ä in font cmr10!
Missing character: There is no ô in font cmr10!
Missing character: There is no ‚ in font cmr10!
Missing character: There is no Ä in font cmr10!
Missing character: There is no ô in font cmr10!

Package Fancyhdr Warning: \fancyfoot's `E' option without twoside option is use
less on input line 13.

File: bvb_logo.JPG Graphic file (type jpg)
<use bvb_logo.JPG>
Package pdftex.def Info: bvb_logo.JPG used on input line 13.
(pdftex.def)             Requested size: 28.80066pt x 27.66206pt.
 [7

]
Missing character: There is no ‚ in font cmr10!
Missing character: There is no Ä in font cmr10!
Missing character: There is no ì in font cmr10!
Missing character: There is no ‚ in font cmr10!
Missing character: There is no Ä in font cmr10!
Missing character: There is no ì in font cmr10!
 <activity.jpg, id=380, 644.4075pt x 412.54124pt>
File: activity.jpg Graphic file (type jpg)

<use activity.jpg>
Package pdftex.def Info: activity.jpg used on input line 32.
(pdftex.def)             Requested size: 284.5333pt x 227.62228pt.
Missing character: There is no ‚ in font cmr10!
Missing character: There is no Ä in font cmr10!
Missing character: There is no ü in font cmr10!
 <class.JPG, id=381, 397.485pt x 498.36188pt>
File: class.JPG Graphic file (type jpg)

<use class.JPG>
Package pdftex.def Info: class.JPG used on input line 43.
(pdftex.def)             Requested size: 284.5332pt x 170.71072pt.
File: bvb_logo.JPG Graphic file (type jpg)
 <use bvb_logo.JPG>
Package pdftex.def Info: bvb_logo.JPG used on input line 45.
(pdftex.def)             Requested size: 28.80066pt x 27.66206pt.
 [8]
<seq.jpg, id=387, 397.485pt x 498.36188pt>
File: seq.jpg Graphic file (type jpg)
 <use seq.jpg>
Package pdftex.def Info: seq.jpg used on input line 56.
(pdftex.def)             Requested size: 284.5332pt x 170.71072pt.
File: bvb_logo.JPG Graphic file (type jpg)
 <use bvb_logo.JPG>
Package pdftex.def Info: bvb_logo.JPG used on input line 58.
(pdftex.def)             Requested size: 28.80066pt x 27.66206pt.

[9 <C:/Users/dell/Desktop/Mystery_doors/Mystery doors/activity.jpg>]
Underfull \hbox (badness 10000) in paragraph at lines 64--65

 []

File: bvb_logo.JPG Graphic file (type jpg)
<use bvb_logo.JPG>
Package pdftex.def Info: bvb_logo.JPG used on input line 65.
(pdftex.def)             Requested size: 28.80066pt x 27.66206pt.
 [10 <C:/Users/dell/Desktop/Mystery_doors/Mystery doors/class.JPG> <C:/Users/de
ll/Desktop/Mystery_doors/Mystery doors/seq.jpg>]
File: bvb_logo.JPG Graphic file (type jpg)

<use bvb_logo.JPG>
Package pdftex.def Info: bvb_logo.JPG used on input line 107.
(pdftex.def)             Requested size: 28.80066pt x 27.66206pt.
 [11]
Missing character: There is no ‚ in font cmr10!
Missing character: There is no Ä in font cmr10!
Missing character: There is no ú in font cmr10!
Missing character: There is no ‚ in font cmr10!
Missing character: There is no Ä in font cmr10!
Missing character: There is no ù in font cmr10!
File: bvb_logo.JPG Graphic file (type jpg)
 <use bvb_logo.JPG>
Package pdftex.def Info: bvb_logo.JPG used on input line 160.
(pdftex.def)             Requested size: 28.80066pt x 27.66206pt.
 [12]
Underfull \hbox (badness 10000) in paragraph at lines 163--167

 []

File: bvb_logo.JPG Graphic file (type jpg)
<use bvb_logo.JPG>
Package pdftex.def Info: bvb_logo.JPG used on input line 187.
(pdftex.def)             Requested size: 28.80066pt x 27.66206pt.
 [13]
Underfull \hbox (badness 10000) in paragraph at lines 192--193

 []

Missing character: There is no ‚ in font cmr10!
Missing character: There is no Ä in font cmr10!
Missing character: There is no ú in font cmr10!
Missing character: There is no ‚ in font cmr10!
Missing character: There is no Ä in font cmr10!
Missing character: There is no ù in font cmr10!
Missing character: There is no ‚ in font cmr10!
Missing character: There is no Ä in font cmr10!
Missing character: There is no ú in font cmr10!
Missing character: There is no ‚ in font cmr10!
Missing character: There is no Ä in font cmr10!
Missing character: There is no ù in font cmr10!
) ("C:\Users\dell\Desktop\Mystery_doors\Mystery doors\prototype_testing.tex"
File: bvb_logo.JPG Graphic file (type jpg)

<use bvb_logo.JPG>
Package pdftex.def Info: bvb_logo.JPG used on input line 1.
(pdftex.def)             Requested size: 28.80066pt x 27.66206pt.
 [14]
File: bvb_logo.JPG Graphic file (type jpg)
 <use bvb_logo.JPG>
Package pdftex.def Info: bvb_logo.JPG used on input line 1.
(pdftex.def)             Requested size: 28.80066pt x 27.66206pt.
 [15]
Chapter 4.

Underfull \hbox (badness 10000) in paragraph at lines 7--9

 []

Missing character: There is no ‚ in font cmr10!
Missing character: There is no Ä in font cmr10!
Missing character: There is no ò in font cmr10!

Underfull \hbox (badness 10000) in paragraph at lines 39--41

 []


Package Fancyhdr Warning: \fancyfoot's `E' option without twoside option is use
less on input line 41.

File: bvb_logo.JPG Graphic file (type jpg)
<use bvb_logo.JPG>
Package pdftex.def Info: bvb_logo.JPG used on input line 41.
(pdftex.def)             Requested size: 28.80066pt x 27.66206pt.
 [16

]
Missing character: There is no ‚ in font cmr10!
Missing character: There is no Ä in font cmr10!
Missing character: There is no ò in font cmr10!

Overfull \hbox (0.92569pt too wide) in paragraph at lines 45--68
 [][] 
 []

Missing character: There is no ‚ in font cmr10!
Missing character: There is no Ä in font cmr10!
Missing character: There is no ò in font cmr10!
Missing character: There is no ‚ in font cmr10!
Missing character: There is no Ä in font cmr10!
Missing character: There is no ô in font cmr10!
File: bvb_logo.JPG Graphic file (type jpg)
<use bvb_logo.JPG>
Package pdftex.def Info: bvb_logo.JPG used on input line 99.
(pdftex.def)             Requested size: 28.80066pt x 27.66206pt.
 [17]
Missing character: There is no ‚ in font cmr10!
Missing character: There is no Ä in font cmr10!
Missing character: There is no ò in font cmr10!
Missing character: There is no ‚ in font cmr10!
Missing character: There is no Ä in font cmr10!
Missing character: There is no ô in font cmr10!

Overfull \hbox (54.45914pt too wide) in paragraph at lines 107--128
 [][] 
 []


Underfull \hbox (badness 10000) in paragraph at lines 132--134

 []

File: bvb_logo.JPG Graphic file (type jpg)
<use bvb_logo.JPG>
Package pdftex.def Info: bvb_logo.JPG used on input line 134.
(pdftex.def)             Requested size: 28.80066pt x 27.66206pt.
 [18])
("C:\Users\dell\Desktop\Mystery_doors\Mystery doors\implementation.tex"
File: bvb_logo.JPG Graphic file (type jpg)

<use bvb_logo.JPG>
Package pdftex.def Info: bvb_logo.JPG used on input line 1.
(pdftex.def)             Requested size: 28.80066pt x 27.66206pt.
 [19]
File: bvb_logo.JPG Graphic file (type jpg)
 <use bvb_logo.JPG>
Package pdftex.def Info: bvb_logo.JPG used on input line 1.
(pdftex.def)             Requested size: 28.80066pt x 27.66206pt.
 [20]
Chapter 5.

Underfull \hbox (badness 10000) in paragraph at lines 9--12

 []


Underfull \hbox (badness 10000) in paragraph at lines 9--12

 []

LaTeX Font Info:    Try loading font information for OMS+cmtt on input line 14.

LaTeX Font Info:    No file OMScmtt.fd. on input line 14.

LaTeX Font Warning: Font shape `OMS/cmtt/m/n' undefined
(Font)              using `OMS/cmsy/m/n' instead
(Font)              for symbol `textbraceleft' on input line 14.


Underfull \hbox (badness 10000) in paragraph at lines 13--15

 []


Underfull \hbox (badness 10000) in paragraph at lines 16--21

 []


Underfull \hbox (badness 10000) in paragraph at lines 16--21

 []


! LaTeX Error: There's no line here to end.

See the LaTeX manual or LaTeX Companion for explanation.
Type  H <return>  for immediate help.
 ...                                              
                                                  
l.24         v
              oid leve1()\\
? r
OK, entering \nonstopmode...

Underfull \hbox (badness 10000) in paragraph at lines 24--26

 []


Underfull \hbox (badness 10000) in paragraph at lines 24--26

 []


! LaTeX Error: There's no line here to end.

See the LaTeX manual or LaTeX Companion for explanation.
Type  H <return>  for immediate help.
 ...                                              
                                                  
l.28         p
              ublic void doStuff()\\
Your command was ignored.
Type  I <command> <return>  to replace it with another command,
or  <return>  to continue without it.


Underfull \hbox (badness 10000) in paragraph at lines 28--30

 []


Underfull \hbox (badness 10000) in paragraph at lines 28--30

 []


Package Fancyhdr Warning: \fancyfoot's `E' option without twoside option is use
less on input line 30.

File: bvb_logo.JPG Graphic file (type jpg)
<use bvb_logo.JPG>
Package pdftex.def Info: bvb_logo.JPG used on input line 30.
(pdftex.def)             Requested size: 28.80066pt x 27.66206pt.
 [21

]
Overfull \hbox (48.15683pt too wide) in paragraph at lines 31--37
\OT1/cmtt/m/n/10.95 new System.Threading.Thread(new System.Threading.ThreadStar
t(pDelay2)); 
 []


Underfull \hbox (badness 10000) in paragraph at lines 31--37

 []


Underfull \hbox (badness 10000) in paragraph at lines 31--37

 []


Underfull \hbox (badness 10000) in paragraph at lines 31--37

 []


Overfull \hbox (48.15683pt too wide) in paragraph at lines 38--55
\OT1/cmtt/m/n/10.95 new System.Threading.Thread(new System.Threading.ThreadStar
t(pDelay3)); 
 []


Underfull \hbox (badness 10000) in paragraph at lines 38--55

 []


Underfull \hbox (badness 10000) in paragraph at lines 38--55

 []


Underfull \hbox (badness 10000) in paragraph at lines 38--55

 []


Overfull \hbox (59.6542pt too wide) in paragraph at lines 38--55
\OT1/cmtt/m/n/10.95 BitmapImage im2 = new BitmapImage(new Uri("/MD;component/Im
ages/sds.png",
 []


Overfull \hbox (48.15683pt too wide) in paragraph at lines 38--55
\OT1/cmtt/m/n/10.95 BitmapImage im1 = new BitmapImage(new Uri("/MD;component/Im
ages/z.png",
 []


Overfull \hbox (7.91602pt too wide) in paragraph at lines 38--55
\OT1/cmtt/m/n/10.95 BitmapImage im3 = new BitmapImage(new Uri("/MD;component/q.
png",
 []


Overfull \hbox (7.91602pt too wide) in paragraph at lines 38--55
\OT1/cmtt/m/n/10.95 BitmapImage im4 = new BitmapImage(new Uri("/MD;component/w.
png",
 []


Overfull \hbox (25.16208pt too wide) in paragraph at lines 38--55
\OT1/cmtt/m/n/10.95 BitmapImage im5 = new BitmapImage(new Uri("/MD;component/Xt
vv.jpg",
 []


Overfull \hbox (36.65945pt too wide) in paragraph at lines 38--55
\OT1/cmtt/m/n/10.95 BitmapImage im6 = new BitmapImage(new Uri("/MD;component/dh
aka2.png",
 []


Overfull \hbox (13.6647pt too wide) in paragraph at lines 38--55
\OT1/cmtt/m/n/10.95 BitmapImage im7 = new BitmapImage(new Uri("/MD;component/ww
.png",
 []


Overfull \hbox (13.6647pt too wide) in paragraph at lines 38--55
\OT1/cmtt/m/n/10.95 BitmapImage im8 = new BitmapImage(new Uri("/MD;component/v1
.png",
 []


Overfull \hbox (13.6647pt too wide) in paragraph at lines 38--55
\OT1/cmtt/m/n/10.95 BitmapImage im9 = new BitmapImage(new Uri("/MD;component/v2
.png",
 []


Underfull \hbox (badness 10000) in paragraph at lines 38--55

 []

! Missing $ inserted.
<inserted text> 
                $
l.56         private void button1_
                                  Click_1(object sender, RoutedEventArgs e)\\
I've inserted a begin-math/end-math symbol since I think
you left one out. Proceed, with fingers crossed.

! Missing $ inserted.
<inserted text> 
                $
l.58 
     
I've inserted a begin-math/end-math symbol since I think
you left one out. Proceed, with fingers crossed.

! Missing } inserted.
<inserted text> 
                }
l.58 
     
I've inserted something that you may have forgotten.
(See the <inserted text> above.)
With luck, this will get me unwedged. But if you
really didn't forget anything, try typing `2' now; then
my insertion and my current dilemma will both disappear.

! Missing $ inserted.
<inserted text> 
                $
l.64         private void button1_
                                  Click(object sender, RoutedEventArgs e)\\
I've inserted a begin-math/end-math symbol since I think
you left one out. Proceed, with fingers crossed.

! Missing $ inserted.
<inserted text> 
                $
l.66 
     
I've inserted a begin-math/end-math symbol since I think
you left one out. Proceed, with fingers crossed.

! Missing } inserted.
<inserted text> 
                }
l.66 
     
I've inserted something that you may have forgotten.
(See the <inserted text> above.)
With luck, this will get me unwedged. But if you
really didn't forget anything, try typing `2' now; then
my insertion and my current dilemma will both disappear.


Overfull \hbox (42.40814pt too wide) in paragraph at lines 59--66
\OT1/cmtt/m/n/10.95 new System.Threading.Thread(new System.Threading.ThreadStar
t(pDelay)); 
 []


Underfull \hbox (badness 10000) in paragraph at lines 59--66

 []

File: bvb_logo.JPG Graphic file (type jpg)
<use bvb_logo.JPG>
Package pdftex.def Info: bvb_logo.JPG used on input line 66.
(pdftex.def)             Requested size: 28.80066pt x 27.66206pt.
 [22]
! Too many }'s.
l.69         }
              \\
You've closed more groups than you opened.
Such booboos are generally harmless, so keep going.


! LaTeX Error: There's no line here to end.

See the LaTeX manual or LaTeX Companion for explanation.
Type  H <return>  for immediate help.
 ...                                              
                                                  
l.70         v
              oid pDelay3()\\
Your command was ignored.
Type  I <command> <return>  to replace it with another command,
or  <return>  to continue without it.


Underfull \hbox (badness 10000) in paragraph at lines 70--77

 []


Underfull \hbox (badness 10000) in paragraph at lines 70--77

 []


Underfull \hbox (badness 10000) in paragraph at lines 78--81

 []


Underfull \hbox (badness 10000) in paragraph at lines 82--95

 []


Underfull \hbox (badness 10000) in paragraph at lines 98--110

 []

File: bvb_logo.JPG Graphic file (type jpg)
<use bvb_logo.JPG>
Package pdftex.def Info: bvb_logo.JPG used on input line 110.
(pdftex.def)             Requested size: 28.80066pt x 27.66206pt.
 [23]
Underfull \hbox (badness 10000) in paragraph at lines 111--115

 []


Overfull \hbox (53.90552pt too wide) in paragraph at lines 116--140
\OT1/cmtt/m/n/10.95 //NavigationService.Navigate(new Uri("/Page2a.xaml", UriKin
d.Relative)); 
 []


Underfull \hbox (badness 10000) in paragraph at lines 141--146

 []

File: bvb_logo.JPG Graphic file (type jpg)
<use bvb_logo.JPG>
Package pdftex.def Info: bvb_logo.JPG used on input line 147.
(pdftex.def)             Requested size: 28.80066pt x 27.66206pt.
 [24]
Underfull \hbox (badness 10000) in paragraph at lines 147--151

 []


Underfull \hbox (badness 10000) in paragraph at lines 152--154

 []


Underfull \hbox (badness 10000) in paragraph at lines 155--156

 []


Underfull \hbox (badness 10000) in paragraph at lines 157--161

 []


Underfull \hbox (badness 10000) in paragraph at lines 162--171

 []


Underfull \hbox (badness 10000) in paragraph at lines 187--194

 []

File: bvb_logo.JPG Graphic file (type jpg)
<use bvb_logo.JPG>
Package pdftex.def Info: bvb_logo.JPG used on input line 194.
(pdftex.def)             Requested size: 28.80066pt x 27.66206pt.
 [25]
Underfull \hbox (badness 10000) in paragraph at lines 216--220

 []


Underfull \hbox (badness 10000) in paragraph at lines 221--223

 []


Underfull \hbox (badness 10000) in paragraph at lines 224--227

 []


Underfull \hbox (badness 10000) in paragraph at lines 229--231

 []


Underfull \hbox (badness 10000) in paragraph at lines 233--235

 []

File: bvb_logo.JPG Graphic file (type jpg)
<use bvb_logo.JPG>
Package pdftex.def Info: bvb_logo.JPG used on input line 236.
(pdftex.def)             Requested size: 28.80066pt x 27.66206pt.
 [26]
Underfull \hbox (badness 10000) in paragraph at lines 236--237

 []

! Missing $ inserted.
<inserted text> 
                $
l.238         private void image2_
                                  ImageFailed(object sender, ExceptionRouted...
I've inserted a begin-math/end-math symbol since I think
you left one out. Proceed, with fingers crossed.

! Missing $ inserted.
<inserted text> 
                $
l.240 
      
I've inserted a begin-math/end-math symbol since I think
you left one out. Proceed, with fingers crossed.


Overfull \hbox (48.10791pt too wide) in paragraph at lines 238--240
[]\OT1/cmtt/m/n/10.95 private void image2$[]\OML/cmm/m/it/10.95 mageFailed\OT1/
cmr/m/n/10.95 (\OML/cmm/m/it/10.95 objectsender; ExceptionRoutedEventArgse\OT1/
cmr/m/n/10.95 )[] $
 []


Underfull \hbox (badness 10000) in paragraph at lines 238--240

 []


Underfull \hbox (badness 10000) in paragraph at lines 241--242

 []

! Missing $ inserted.
<inserted text> 
                $
l.243         private void button2_
                                   Click(object sender, RoutedEventArgs e)\\
I've inserted a begin-math/end-math symbol since I think
you left one out. Proceed, with fingers crossed.

! Missing $ inserted.
<inserted text> 
                $
l.247 
      
I've inserted a begin-math/end-math symbol since I think
you left one out. Proceed, with fingers crossed.


Overfull \hbox (9.56047pt too wide) in paragraph at lines 243--247
$\OML/cmm/m/it/10.95 NavigationService:Navigate\OT1/cmr/m/n/10.95 (\OML/cmm/m/i
t/10.95 newUri\OT1/cmr/m/n/10.95 ("\OML/cmm/m/it/10.95 =Page\OT1/cmr/m/n/10.95 
3\OML/cmm/m/it/10.95 :xaml\OT1/cmr/m/n/10.95 "\OML/cmm/m/it/10.95 ; UriKind:Rel
ative\OT1/cmr/m/n/10.95 )); [] $
 []


Underfull \hbox (badness 10000) in paragraph at lines 243--247

 []


! LaTeX Error: There's no line here to end.

See the LaTeX manual or LaTeX Companion for explanation.
Type  H <return>  for immediate help.
 ...                                              
                                                  
l.257 \ttfamily
                \hspace{1cm}\\
Your command was ignored.
Type  I <command> <return>  to replace it with another command,
or  <return>  to continue without it.


Underfull \hbox (badness 10000) in paragraph at lines 257--258

 []

! Missing $ inserted.
<inserted text> 
                $
l.268         private void image1_
                                  ImageFailed(object sender, ExceptionRouted...
I've inserted a begin-math/end-math symbol since I think
you left one out. Proceed, with fingers crossed.

! Missing $ inserted.
<inserted text> 
                $
l.270 
      
I've inserted a begin-math/end-math symbol since I think
you left one out. Proceed, with fingers crossed.


Overfull \hbox (31.10791pt too wide) in paragraph at lines 260--270
\OT1/cmtt/m/n/10.95 private void image1$[]\OML/cmm/m/it/10.95 mageFailed\OT1/cm
r/m/n/10.95 (\OML/cmm/m/it/10.95 objectsender; ExceptionRoutedEventArgse\OT1/cm
r/m/n/10.95 )[] $
 []


Underfull \hbox (badness 10000) in paragraph at lines 260--270

 []

! Missing $ inserted.
<inserted text> 
                $
l.273         private void button3_
                                   Click(object sender, RoutedEventArgs e)\\
I've inserted a begin-math/end-math symbol since I think
you left one out. Proceed, with fingers crossed.

! Missing $ inserted.
<inserted text> 
                $
l.283 
      
I've inserted a begin-math/end-math symbol since I think
you left one out. Proceed, with fingers crossed.


Underfull \hbox (badness 10000) in paragraph at lines 271--283

 []

File: bvb_logo.JPG Graphic file (type jpg)
<use bvb_logo.JPG>
Package pdftex.def Info: bvb_logo.JPG used on input line 283.
(pdftex.def)             Requested size: 28.80066pt x 27.66206pt.
 [27]
Underfull \hbox (badness 10000) in paragraph at lines 284--291

 []


Underfull \hbox (badness 10000) in paragraph at lines 292--294

 []

! Missing $ inserted.
<inserted text> 
                $
l.310         private void button1_
                                   Click(object sender, RoutedEventArgs e)\\
I've inserted a begin-math/end-math symbol since I think
you left one out. Proceed, with fingers crossed.

! Missing $ inserted.
<inserted text> 
                $
l.316 
      
I've inserted a begin-math/end-math symbol since I think
you left one out. Proceed, with fingers crossed.


Overfull \hbox (42.40814pt too wide) in paragraph at lines 295--316
\OT1/cmtt/m/n/10.95 NavigationService.Navigate(new Uri("/Page35.xaml", UriKind.
Relative)); 
 []


Overfull \hbox (9.56047pt too wide) in paragraph at lines 295--316
$\OML/cmm/m/it/10.95 NavigationService:Navigate\OT1/cmr/m/n/10.95 (\OML/cmm/m/i
t/10.95 newUri\OT1/cmr/m/n/10.95 ("\OML/cmm/m/it/10.95 =Page\OT1/cmr/m/n/10.95 
5\OML/cmm/m/it/10.95 :xaml\OT1/cmr/m/n/10.95 "\OML/cmm/m/it/10.95 ; UriKind:Rel
ative\OT1/cmr/m/n/10.95 )); [] $
 []

! Missing $ inserted.
<inserted text> 
                $
l.337         private void image1_
                                  ImageFailed(object sender, ExceptionRouted...
I've inserted a begin-math/end-math symbol since I think
you left one out. Proceed, with fingers crossed.

! Missing $ inserted.
<inserted text> 
                $
l.339 
      
I've inserted a begin-math/end-math symbol since I think
you left one out. Proceed, with fingers crossed.


Overfull \hbox (13.46756pt too wide) in paragraph at lines 325--339
\OT1/cmr/m/n/10.95 private void image1$[]\OML/cmm/m/it/10.95 mageFailed\OT1/cmr
/m/n/10.95 (\OML/cmm/m/it/10.95 objectsender; ExceptionRoutedEventArgse\OT1/cmr
/m/n/10.95 )[] $
 []


Underfull \hbox (badness 10000) in paragraph at lines 325--339

 []

File: bvb_logo.JPG Graphic file (type jpg)
<use bvb_logo.JPG>
Package pdftex.def Info: bvb_logo.JPG used on input line 339.
(pdftex.def)             Requested size: 28.80066pt x 27.66206pt.
 [28]
! Missing $ inserted.
<inserted text> 
                $
l.341         private void button1_
                                   Click(object sender, RoutedEventArgs e)\\
I've inserted a begin-math/end-math symbol since I think
you left one out. Proceed, with fingers crossed.

! Missing $ inserted.
<inserted text> 
                $
l.345 
      
I've inserted a begin-math/end-math symbol since I think
you left one out. Proceed, with fingers crossed.


Overfull \hbox (15.03548pt too wide) in paragraph at lines 340--345
$\OML/cmm/m/it/10.95 NavigationService:Navigate\OT1/cmr/m/n/10.95 (\OML/cmm/m/i
t/10.95 newUri\OT1/cmr/m/n/10.95 ("\OML/cmm/m/it/10.95 =Page\OT1/cmr/m/n/10.95 
11\OML/cmm/m/it/10.95 :xaml\OT1/cmr/m/n/10.95 "\OML/cmm/m/it/10.95 ; UriKind:Re
lative\OT1/cmr/m/n/10.95 )); [] $
 []


Underfull \hbox (badness 10000) in paragraph at lines 340--345

 []

! Missing $ inserted.
<inserted text> 
                $
l.346         private void button3_
                                   Click(object sender, RoutedEventArgs e)\\
I've inserted a begin-math/end-math symbol since I think
you left one out. Proceed, with fingers crossed.

! Missing $ inserted.
<inserted text> 
                $
l.360 
      
I've inserted a begin-math/end-math symbol since I think
you left one out. Proceed, with fingers crossed.


Underfull \hbox (badness 10000) in paragraph at lines 346--360

 []


Underfull \hbox (badness 10000) in paragraph at lines 361--380

 []

File: bvb_logo.JPG Graphic file (type jpg)
<use bvb_logo.JPG>
Package pdftex.def Info: bvb_logo.JPG used on input line 380.
(pdftex.def)             Requested size: 28.80066pt x 27.66206pt.
 [29]
Overfull \hbox (42.11745pt too wide) in paragraph at lines 389--408
 \OT1/cmtt/m/n/10.95 Describe the component and write the actual code for the s
pecific
 []


Underfull \hbox (badness 10000) in paragraph at lines 389--408

 []


Overfull \hbox (48.15683pt too wide) in paragraph at lines 389--408
\OT1/cmtt/m/n/10.95 new System.Threading.Thread(new System.Threading.ThreadStar
t(timeDec)); 
 []


Underfull \hbox (badness 10000) in paragraph at lines 389--408

 []


Underfull \hbox (badness 10000) in paragraph at lines 409--412

 []


Underfull \hbox (badness 10000) in paragraph at lines 413--425

 []

File: bvb_logo.JPG Graphic file (type jpg)
<use bvb_logo.JPG>
Package pdftex.def Info: bvb_logo.JPG used on input line 426.
(pdftex.def)             Requested size: 28.80066pt x 27.66206pt.
 [30]
! Missing $ inserted.
<inserted text> 
                $
l.444         private void image1_
                                  ImageFailed(object sender, ExceptionRouted...
I've inserted a begin-math/end-math symbol since I think
you left one out. Proceed, with fingers crossed.

! Missing $ inserted.
<inserted text> 
                $
l.446 
      
I've inserted a begin-math/end-math symbol since I think
you left one out. Proceed, with fingers crossed.


Overfull \hbox (24.09497pt too wide) in paragraph at lines 434--446
[]\OMS/cmtt/m/n/10.95 g g \OT1/cmtt/m/n/10.95 else \OMS/cmtt/m/n/10.95 f \OT1/c
mtt/m/n/10.95 // NavigationService.Navigate(new Uri("/Page36.xaml",
 []


Overfull \hbox (42.3316pt too wide) in paragraph at lines 434--446
\OMS/cmtt/m/n/10.95 g \OT1/cmtt/m/n/10.95 private void image1$[]\OML/cmm/m/it/1
0.95 mageFailed\OT1/cmr/m/n/10.95 (\OML/cmm/m/it/10.95 objectsender; ExceptionR
outedEventArgse\OT1/cmr/m/n/10.95 )[] $
 []

! Missing $ inserted.
<inserted text> 
                $
l.448         private void button1_
                                   Click(object sender, RoutedEventArgs e)\\
I've inserted a begin-math/end-math symbol since I think
you left one out. Proceed, with fingers crossed.

! Missing $ inserted.
<inserted text> 
                $
l.474 
      
I've inserted a begin-math/end-math symbol since I think
you left one out. Proceed, with fingers crossed.


Overfull \hbox (20.51048pt too wide) in paragraph at lines 447--474
$\OMS/cmtt/m/n/10.95 f\OML/cmm/m/it/10.95 NavigationService:Navigate\OT1/cmr/m/
n/10.95 (\OML/cmm/m/it/10.95 newUri\OT1/cmr/m/n/10.95 ("\OML/cmm/m/it/10.95 =Pa
ge\OT1/cmr/m/n/10.95 17\OML/cmm/m/it/10.95 :xaml\OT1/cmr/m/n/10.95 "\OML/cmm/m/
it/10.95 ; UriKind:Relative\OT1/cmr/m/n/10.95 )); [] $
 []


Overfull \hbox (22.46841pt too wide) in paragraph at lines 447--474
$\OML/cmm/m/it/10.95 textBlock\OT1/cmr/m/n/10.95 5\OML/cmm/m/it/10.95 :Text \OT
1/cmr/m/n/10.95 = "\OML/cmm/m/it/10.95 YougotitRight:\OT1/cmr/m/n/10.95 2\OML/c
mm/m/it/10.95 of\OT1/cmr/m/n/10.95 6\OML/cmm/m/it/10.95 lettersareunlocked:::Pr
essContinue\OT1/cmr/m/n/10.95 "; [] $
 []


Overfull \hbox (93.59897pt too wide) in paragraph at lines 481--511
\OMS/cmtt/m/n/10.95 g \OT1/cmtt/m/n/10.95 else \OMS/cmtt/m/n/10.95 f \OT1/cmtt/
m/n/10.95 NavigationService.Navigate(new Uri("/Page35.xaml", UriKind.Relative))
; 
 []

File: bvb_logo.JPG Graphic file (type jpg)
<use bvb_logo.JPG>
Package pdftex.def Info: bvb_logo.JPG used on input line 511.
(pdftex.def)             Requested size: 28.80066pt x 27.66206pt.
 [31]
Overfull \hbox (1.87663pt too wide) in paragraph at lines 519--520
 \OT1/cmtt/m/n/10.95 In prototype 3 implementation of timing constraints, bonus

 []


Underfull \hbox (badness 10000) in paragraph at lines 521--523

 []


Overfull \hbox (36.13971pt too wide) in paragraph at lines 524--547
[]\OT1/cmtt/m/n/10.95 namespace MD \OMS/cmtt/m/n/10.95 f \OT1/cmtt/m/n/10.95 pu
blic partial class Page33 : PhoneApplicationPage
 []


Overfull \hbox (42.40814pt too wide) in paragraph at lines 524--547
\OT1/cmtt/m/n/10.95 new System.Threading.Thread(new System.Threading.ThreadStar
t(pDelay)); 
 []


Overfull \hbox (48.15683pt too wide) in paragraph at lines 524--547
\OT1/cmtt/m/n/10.95 BitmapImage im1 = new BitmapImage(new Uri("/MD;component/Im
ages/d.png",
 []


Overfull \hbox (59.6542pt too wide) in paragraph at lines 524--547
\OT1/cmtt/m/n/10.95 BitmapImage im2 = new BitmapImage(new Uri("/MD;component/Im
ages/dhj.png",
 []


Overfull \hbox (59.6542pt too wide) in paragraph at lines 524--547
\OT1/cmtt/m/n/10.95 BitmapImage im3 = new BitmapImage(new Uri("/MD;component/Im
ages/asa.png",
 []


Overfull \hbox (59.6542pt too wide) in paragraph at lines 524--547
\OT1/cmtt/m/n/10.95 BitmapImage im4 = new BitmapImage(new Uri("/MD;component/Im
ages/asb.png",
 []


Overfull \hbox (24.8884pt too wide) in paragraph at lines 524--547
\OT1/cmtt/m/n/10.95 for (int i = 0; i < 500; i++) \OMS/cmtt/m/n/10.95 f \OT1/cm
tt/m/n/10.95 System.Threading.Thread.Sleep(150); 
 []

! Misplaced alignment tab character &.
l.561 ...                            if (k > 240 &
                                                  & k1 < 255)
I can't figure out why you would want to use a tab mark
here. If you just want an ampersand, the remedy is
simple: Just type `I\&' now. But if some right brace
up above has ended a previous alignment prematurely,
you're probably due for more error messages, and you
might try typing `S' now just to see what is salvageable.

! Misplaced alignment tab character &.
l.561 ...                           if (k > 240 &&
                                                   k1 < 255)
I can't figure out why you would want to use a tab mark
here. If you just want an ampersand, the remedy is
simple: Just type `I\&' now. But if some right brace
up above has ended a previous alignment prematurely,
you're probably due for more error messages, and you
might try typing `S' now just to see what is salvageable.


Overfull \hbox (1.10022pt too wide) in paragraph at lines 548--563
[]\OT1/cmtt/m/n/10.95 this.Dispatcher.BeginInvoke(() => \OMS/cmtt/m/n/10.95 f \
OT1/cmtt/m/n/10.95 if (flag) \OMS/cmtt/m/n/10.95 f \OT1/cmtt/m/n/10.95 if (flag
1) \OMS/cmtt/m/n/10.95 f
 []

File: bvb_logo.JPG Graphic file (type jpg)
<use bvb_logo.JPG>
Package pdftex.def Info: bvb_logo.JPG used on input line 563.
(pdftex.def)             Requested size: 28.80066pt x 27.66206pt.
 [32]
! Misplaced alignment tab character &.
l.572 ...                            if (k > 240 &
                                                  & k1 < 260)
I can't figure out why you would want to use a tab mark
here. If you just want an ampersand, the remedy is
simple: Just type `I\&' now. But if some right brace
up above has ended a previous alignment prematurely,
you're probably due for more error messages, and you
might try typing `S' now just to see what is salvageable.

! Misplaced alignment tab character &.
l.572 ...                           if (k > 240 &&
                                                   k1 < 260)
I can't figure out why you would want to use a tab mark
here. If you just want an ampersand, the remedy is
simple: Just type `I\&' now. But if some right brace
up above has ended a previous alignment prematurely,
you're probably due for more error messages, and you
might try typing `S' now just to see what is salvageable.


Overfull \hbox (35.83841pt too wide) in paragraph at lines 564--586
\OT1/cmtt/m/n/10.95 j = 0; if (k > 240  k1 < 260) flag1 = false; \OMS/cmtt/m/n/
10.95 g g \OT1/cmtt/m/n/10.95 else \OMS/cmtt/m/n/10.95 f \OT1/cmtt/m/n/10.95 im
age4.Margin
 []


Overfull \hbox (7.64233pt too wide) in paragraph at lines 564--586
\OT1/cmtt/m/n/10.95 if (k3 > 270) \OMS/cmtt/m/n/10.95 f \OT1/cmtt/m/n/10.95 ima
ge6.Margin = new Thickness(277, k3, 0, 0); k3
 []


Overfull \hbox (6.8489pt too wide) in paragraph at lines 587--599
[]\OMS/cmtt/m/n/10.95 g g \OT1/cmtt/m/n/10.95 else \OMS/cmtt/m/n/10.95 f \OT1/c
mtt/m/n/10.95 NavigationService.Navigate(new Uri("/Page34.xaml",
 []

) ("C:\Users\dell\Desktop\Mystery_doors\Mystery doors\screeshots_results.tex"
File: bvb_logo.JPG Graphic file (type jpg)

<use bvb_logo.JPG>
Package pdftex.def Info: bvb_logo.JPG used on input line 1.
(pdftex.def)             Requested size: 28.80066pt x 27.66206pt.
 [33]
Chapter 6.
<1.jpg, id=509, 602.25pt x 361.35pt>
File: 1.jpg Graphic file (type jpg)
 <use 1.jpg>
Package pdftex.def Info: 1.jpg used on input line 15.
(pdftex.def)             Requested size: 284.53705pt x 170.71672pt.

<2.jpg, id=510, 602.25pt x 361.35pt>
File: 2.jpg Graphic file (type jpg)
 <use 2.jpg>
Package pdftex.def Info: 2.jpg used on input line 20.
(pdftex.def)             Requested size: 284.53705pt x 170.71672pt.

<3.jpg, id=511, 602.25pt x 361.35pt>
File: 3.jpg Graphic file (type jpg)
 <use 3.jpg>
Package pdftex.def Info: 3.jpg used on input line 25.
(pdftex.def)             Requested size: 284.53705pt x 170.71672pt.


Package Fancyhdr Warning: \fancyfoot's `E' option without twoside option is use
less on input line 35.

File: bvb_logo.JPG Graphic file (type jpg)
<use bvb_logo.JPG>
Package pdftex.def Info: bvb_logo.JPG used on input line 35.
(pdftex.def)             Requested size: 28.80066pt x 27.66206pt.
 [34

]
File: bvb_logo.JPG Graphic file (type jpg)
 <use bvb_logo.JPG>
Package pdftex.def Info: bvb_logo.JPG used on input line 35.
(pdftex.def)             Requested size: 28.80066pt x 27.66206pt.
 [35 <C:/Users/dell/Desktop/Mystery_doors/Mystery doors/1.jpg> <C:/Users/dell/D
esktop/Mystery_doors/Mystery doors/2.jpg>] <4.jpg, id=520, 602.25pt x 361.35pt>
File: 4.jpg Graphic file (type jpg)
 <use 4.jpg>
Package pdftex.def Info: 4.jpg used on input line 43.
(pdftex.def)             Requested size: 284.53705pt x 170.71672pt.

<5.jpg, id=521, 602.25pt x 361.35pt>
File: 5.jpg Graphic file (type jpg)
 <use 5.jpg>
Package pdftex.def Info: 5.jpg used on input line 49.
(pdftex.def)             Requested size: 284.53705pt x 170.71672pt.
File: bvb_logo.JPG Graphic file (type jpg)
 <use bvb_logo.JPG>
Package pdftex.def Info: bvb_logo.JPG used on input line 57.
(pdftex.def)             Requested size: 28.80066pt x 27.66206pt.
 [36 <C:/Users/dell/Desktop/Mystery_doors/Mystery doors/3.jpg> <C:/Users/dell/D
esktop/Mystery_doors/Mystery doors/4.jpg>] <6.jpg, id=527, 602.25pt x 361.35pt>
File: 6.jpg Graphic file (type jpg)

<use 6.jpg>
Package pdftex.def Info: 6.jpg used on input line 60.
(pdftex.def)             Requested size: 284.53705pt x 170.71672pt.
 <7.jpg, id=528, 602.25pt x 361.35pt>
File: 7.jpg Graphic file (type jpg)
 <use 7.jpg>
Package pdftex.def Info: 7.jpg used on input line 65.
(pdftex.def)             Requested size: 284.53705pt x 170.71672pt.
File: bvb_logo.JPG Graphic file (type jpg)

<use bvb_logo.JPG>
Package pdftex.def Info: bvb_logo.JPG used on input line 71.
(pdftex.def)             Requested size: 28.80066pt x 27.66206pt.
 [37 <C:/Users/dell/Desktop/Mystery_doors/Mystery doors/5.jpg> <C:/Users/dell/D
esktop/Mystery_doors/Mystery doors/6.jpg>]
Missing character: There is no ‚ in font cmr10!
Missing character: There is no Ä in font cmr10!
Missing character: There is no ú in font cmr10!
Missing character: There is no ‚ in font cmr10!
Missing character: There is no Ä in font cmr10!
Missing character: There is no ù in font cmr10!

<8.jpg, id=533, 602.25pt x 361.35pt>
File: 8.jpg Graphic file (type jpg)
 <use 8.jpg>
Package pdftex.def Info: 8.jpg used on input line 78.
(pdftex.def)             Requested size: 284.53705pt x 170.71672pt.

<9.jpg, id=534, 602.25pt x 361.35pt>
File: 9.jpg Graphic file (type jpg)
 <use 9.jpg>
Package pdftex.def Info: 9.jpg used on input line 83.
(pdftex.def)             Requested size: 284.53705pt x 170.71672pt.

<10.jpg, id=535, 602.25pt x 361.35pt>
File: 10.jpg Graphic file (type jpg)
 <use 10.jpg>
Package pdftex.def Info: 10.jpg used on input line 88.
(pdftex.def)             Requested size: 284.53705pt x 170.71672pt.
File: bvb_logo.JPG Graphic file (type jpg)
 <use bvb_logo.JPG>
Package pdftex.def Info: bvb_logo.JPG used on input line 94.
(pdftex.def)             Requested size: 28.80066pt x 27.66206pt.
 [38 <C:/Users/dell/Desktop/Mystery_doors/Mystery doors/7.jpg>]
File: bvb_logo.JPG Graphic file (type jpg)
 <use bvb_logo.JPG>
Package pdftex.def Info: bvb_logo.JPG used on input line 94.
(pdftex.def)             Requested size: 28.80066pt x 27.66206pt.

[39 <C:/Users/dell/Desktop/Mystery_doors/Mystery doors/8.jpg> <C:/Users/dell/De
sktop/Mystery_doors/Mystery doors/9.jpg>]
<11.jpg, id=544, 602.25pt x 361.35pt>
File: 11.jpg Graphic file (type jpg)
 <use 11.jpg>
Package pdftex.def Info: 11.jpg used on input line 100.
(pdftex.def)             Requested size: 284.53705pt x 170.71672pt.

<12.jpg, id=545, 602.25pt x 361.35pt>
File: 12.jpg Graphic file (type jpg)
 <use 12.jpg>
Package pdftex.def Info: 12.jpg used on input line 105.
(pdftex.def)             Requested size: 284.53705pt x 170.71672pt.
File: bvb_logo.JPG Graphic file (type jpg)
 <use bvb_logo.JPG>
Package pdftex.def Info: bvb_logo.JPG used on input line 113.
(pdftex.def)             Requested size: 28.80066pt x 27.66206pt.
 [40 <C:/Users/dell/Desktop/Mystery_doors/Mystery doors/10.jpg> <C:/Users/dell/
Desktop/Mystery_doors/Mystery doors/11.jpg>] <13.jpg, id=550, 602.25pt x 361.35
pt>
File: 13.jpg Graphic file (type jpg)

<use 13.jpg>
Package pdftex.def Info: 13.jpg used on input line 117.
(pdftex.def)             Requested size: 284.53705pt x 170.71672pt.
File: bvb_logo.JPG Graphic file (type jpg)
 <use bvb_logo.JPG>
Package pdftex.def Info: bvb_logo.JPG used on input line 123.
(pdftex.def)             Requested size: 28.80066pt x 27.66206pt.
 [41 <C:/Users/dell/Desktop/Mystery_doors/Mystery doors/12.jpg> <C:/Users/dell/
Desktop/Mystery_doors/Mystery doors/13.jpg>]
<15.jpg, id=555, 602.25pt x 361.35pt>
File: 15.jpg Graphic file (type jpg)
 <use 15.jpg>
Package pdftex.def Info: 15.jpg used on input line 127.
(pdftex.def)             Requested size: 284.53705pt x 170.71672pt.

<16.jpg, id=556, 602.25pt x 361.35pt>
File: 16.jpg Graphic file (type jpg)
 <use 16.jpg>
Package pdftex.def Info: 16.jpg used on input line 132.
(pdftex.def)             Requested size: 284.53705pt x 170.71672pt.

<17.jpg, id=557, 602.25pt x 361.35pt>
File: 17.jpg Graphic file (type jpg)
 <use 17.jpg>
Package pdftex.def Info: 17.jpg used on input line 137.
(pdftex.def)             Requested size: 284.53705pt x 170.71672pt.
)
("C:\Users\dell\Desktop\Mystery_doors\Mystery doors\conclusion.tex"
File: bvb_logo.JPG Graphic file (type jpg)

<use bvb_logo.JPG>
Package pdftex.def Info: bvb_logo.JPG used on input line 1.
(pdftex.def)             Requested size: 28.80066pt x 27.66206pt.
 [42 <C:/Users/dell/Desktop/Mystery_doors/Mystery doors/15.jpg> <C:/Users/dell/
Desktop/Mystery_doors/Mystery doors/16.jpg>]
File: bvb_logo.JPG Graphic file (type jpg)

<use bvb_logo.JPG>
Package pdftex.def Info: bvb_logo.JPG used on input line 1.
(pdftex.def)             Requested size: 28.80066pt x 27.66206pt.
 [43 <C:/Users/dell/Desktop/Mystery_doors/Mystery doors/17.jpg>]
Chapter 7.
Missing character: There is no ‚ in font cmr10!
Missing character: There is no Ä in font cmr10!
Missing character: There is no ú in font cmr10!
Missing character: There is no ‚ in font cmr10!
Missing character: There is no Ä in font cmr10!
Missing character: There is no ù in font cmr10!

Underfull \hbox (badness 10000) in paragraph at lines 4--5

 []


Underfull \hbox (badness 10000) in paragraph at lines 6--7

 []

)
Package atveryend Info: Empty hook `BeforeClearDocument' on input line 42.


Package Fancyhdr Warning: \fancyfoot's `E' option without twoside option is use
less on input line 42.

File: bvb_logo.JPG Graphic file (type jpg)
<use bvb_logo.JPG>
Package pdftex.def Info: bvb_logo.JPG used on input line 42.
(pdftex.def)             Requested size: 28.80066pt x 27.66206pt.
 [44

]
Package atveryend Info: Empty hook `AfterLastShipout' on input line 42.

("C:\Users\dell\Desktop\Mystery_doors\Mystery doors\report.aux")
Package atveryend Info: Executing hook `AtVeryEndDocument' on input line 42.
Package atveryend Info: Executing hook `AtEndAfterFileList' on input line 42.
Package rerunfilecheck Info: File `report.out' has not changed.
(rerunfilecheck)             Checksum: D824E365FBE8FF9F472A1ACFD86C3809;3257.


LaTeX Font Warning: Some font shapes were not available, defaults substituted.


LaTeX Warning: There were multiply-defined labels.

Package atveryend Info: Empty hook `AtVeryVeryEnd' on input line 42.
 )
(\end occurred inside a group at level 1)

### simple group (level 1) entered at line 71 ({)
### bottom level 
Here is how much of TeX's memory you used:
 6181 strings out of 494049
 89843 string characters out of 3146068
 173139 words of memory out of 3000000
 9209 multiletter control sequences out of 15000+200000
 12420 words of font info for 44 fonts, out of 3000000 for 9000
 715 hyphenation exceptions out of 8191
 30i,16n,45p,893b,450s stack positions out of 5000i,500n,10000p,200000b,50000s
<C:/Program Files (x86)/MiKTeX 2.9/fonts/type1/public/amsfonts/
cm/cmbx10.pfb><C:/Program Files (x86)/MiKTeX 2.9/fonts/type1/public/amsfonts/cm
/cmbx12.pfb><C:/Program Files (x86)/MiKTeX 2.9/fonts/type1/public/amsfonts/cm/c
mbx6.pfb><C:/Program Files (x86)/MiKTeX 2.9/fonts/type1/public/amsfonts/cm/cmmi
10.pfb><C:/Program Files (x86)/MiKTeX 2.9/fonts/type1/public/amsfonts/cm/cmmi8.
pfb><C:/Program Files (x86)/MiKTeX 2.9/fonts/type1/public/amsfonts/cm/cmr10.pfb
><C:/Program Files (x86)/MiKTeX 2.9/fonts/type1/public/amsfonts/cm/cmr12.pfb><C
:/Program Files (x86)/MiKTeX 2.9/fonts/type1/public/amsfonts/cm/cmr6.pfb><C:/Pr
ogram Files (x86)/MiKTeX 2.9/fonts/type1/public/amsfonts/cm/cmr8.pfb><C:/Progra
m Files (x86)/MiKTeX 2.9/fonts/type1/public/amsfonts/cm/cmsy10.pfb><C:/Program 
Files (x86)/MiKTeX 2.9/fonts/type1/public/amsfonts/cm/cmtt10.pfb>
Output written on report.pdf (51 pages, 1911581 bytes).
PDF statistics:
 641 PDF objects out of 1000 (max. 8388607)
 145 named destinations out of 1000 (max. 500000)
 514 words of extra memory for PDF output out of 10000 (max. 10000000)

